Picked up JAVA_TOOL_OPTIONS: -Duser.home=/tmp/noter-home
To honour the JVM settings for this build a single-use Daemon process will be forked. For more on this, please refer to https://docs.gradle.org/8.14.3/userguide/gradle_daemon.html#sec:disabling_the_daemon in the Gradle documentation.
Daemon will be stopped at the end of the build
> Task :app:checkKotlinGradlePluginConfigurationErrors SKIPPED
> Task :app:preBuild UP-TO-DATE
> Task :app:preDebugBuild UP-TO-DATE
> Task :app:checkDebugAarMetadata UP-TO-DATE
> Task :app:processDebugNavigationResources UP-TO-DATE
> Task :app:compileDebugNavigationResources UP-TO-DATE
> Task :app:generateDebugResValues UP-TO-DATE
> Task :app:mapDebugSourceSetPaths UP-TO-DATE
> Task :app:generateDebugResources UP-TO-DATE
> Task :app:mergeDebugResources UP-TO-DATE
> Task :app:packageDebugResources UP-TO-DATE
> Task :app:parseDebugLocalResources UP-TO-DATE
> Task :app:createDebugCompatibleScreenManifests UP-TO-DATE
> Task :app:extractDeepLinksDebug UP-TO-DATE
> Task :app:processDebugMainManifest UP-TO-DATE
> Task :app:processDebugManifest UP-TO-DATE
> Task :app:processDebugManifestForPackage UP-TO-DATE
> Task :app:processDebugResources UP-TO-DATE
> Task :app:kspDebugKotlin UP-TO-DATE
> Task :app:compileDebugKotlin UP-TO-DATE
> Task :app:javaPreCompileDebug UP-TO-DATE
> Task :app:compileDebugJavaWithJavac NO-SOURCE
> Task :app:bundleDebugClassesToRuntimeJar UP-TO-DATE
> Task :app:bundleDebugClassesToCompileJar UP-TO-DATE
> Task :app:preDebugUnitTestBuild UP-TO-DATE
> Task :app:javaPreCompileDebugUnitTest UP-TO-DATE
> Task :app:mergeDebugShaders UP-TO-DATE
> Task :app:compileDebugShaders NO-SOURCE
> Task :app:generateDebugAssets UP-TO-DATE
> Task :app:mergeDebugAssets UP-TO-DATE
> Task :app:packageDebugUnitTestForUnitTest UP-TO-DATE
> Task :app:processDebugUnitTestManifest UP-TO-DATE
> Task :app:generateDebugUnitTestConfig UP-TO-DATE
> Task :app:processDebugJavaRes UP-TO-DATE
> Task :app:kspDebugUnitTestKotlin

> Task :app:compileDebugUnitTestKotlin FAILED
e: file:///home/ronghua/codes/Noter/app/src/test/java/com/cory/noter/di/AppContainerTest.kt:35:53 Unresolved reference 'voiceCaptureController'.
e: file:///home/ronghua/codes/Noter/app/src/test/java/com/cory/noter/di/AppContainerTest.kt:36:54 Unresolved reference 'voiceCaptureController'.
e: file:///home/ronghua/codes/Noter/app/src/test/java/com/cory/noter/di/AppContainerTest.kt:52:30 Unresolved reference 'microphonePermissionChecker'.
e: file:///home/ronghua/codes/Noter/app/src/test/java/com/cory/noter/di/AppContainerTest.kt:53:14 Unresolved reference 'isInstanceOf'.
e: file:///home/ronghua/codes/Noter/app/src/test/java/com/cory/noter/di/AppContainerTest.kt:54:30 Unresolved reference 'temporaryAudioRecorder'.
e: file:///home/ronghua/codes/Noter/app/src/test/java/com/cory/noter/di/AppContainerTest.kt:55:14 Unresolved reference 'isInstanceOf'.
e: file:///home/ronghua/codes/Noter/app/src/test/java/com/cory/noter/di/AppContainerTest.kt:56:30 Unresolved reference 'systemSpeechRecognizer'.
e: file:///home/ronghua/codes/Noter/app/src/test/java/com/cory/noter/di/AppContainerTest.kt:57:14 Unresolved reference 'isInstanceOf'.
e: file:///home/ronghua/codes/Noter/app/src/test/java/com/cory/noter/di/AppContainerTest.kt:58:30 Unresolved reference 'openRouterAsrClient'.
e: file:///home/ronghua/codes/Noter/app/src/test/java/com/cory/noter/di/AppContainerTest.kt:59:14 Unresolved reference 'isInstanceOf'.
e: file:///home/ronghua/codes/Noter/app/src/test/java/com/cory/noter/di/AppContainerTest.kt:60:30 Unresolved reference 'remoteAsrTranscriber'.
e: file:///home/ronghua/codes/Noter/app/src/test/java/com/cory/noter/di/AppContainerTest.kt:61:14 Unresolved reference 'isInstanceOf'.
e: file:///home/ronghua/codes/Noter/app/src/test/java/com/cory/noter/di/AppContainerTest.kt:62:30 Unresolved reference 'temporaryAudioCleanup'.
e: file:///home/ronghua/codes/Noter/app/src/test/java/com/cory/noter/di/AppContainerTest.kt:63:14 Unresolved reference 'isInstanceOf'.
e: file:///home/ronghua/codes/Noter/app/src/test/java/com/cory/noter/di/AppContainerTest.kt:64:30 Unresolved reference 'voiceAiCreateEnqueuer'.
e: file:///home/ronghua/codes/Noter/app/src/test/java/com/cory/noter/di/AppContainerTest.kt:65:14 Unresolved reference 'isInstanceOf'.
e: file:///home/ronghua/codes/Noter/app/src/test/java/com/cory/noter/di/AppContainerTest.kt:67:14 Unresolved reference 'isInstanceOf'.

FAILURE: Build failed with an exception.

* What went wrong:
Execution failed for task ':app:compileDebugUnitTestKotlin'.
> A failure occurred while executing org.jetbrains.kotlin.compilerRunner.GradleCompilerRunnerWithWorkers$GradleKotlinCompilerWorkAction
   > Compilation error. See log for more details

* Try:
> Run with --stacktrace option to get the stack trace.
> Run with --info or --debug option to get more log output.
> Run with --scan to get full insights.
> Get more help at https://help.gradle.org.

BUILD FAILED in 22s
29 actionable tasks: 2 executed, 27 up-to-date
