Picked up JAVA_TOOL_OPTIONS: -Duser.home=/tmp/noter-home
To honour the JVM settings for this build a single-use Daemon process will be forked. For more on this, please refer to https://docs.gradle.org/8.14.3/userguide/gradle_daemon.html#sec:disabling_the_daemon in the Gradle documentation.
Daemon will be stopped at the end of the build
> Task :app:checkKotlinGradlePluginConfigurationErrors SKIPPED
> Task :app:preBuild UP-TO-DATE
> Task :app:preDebugBuild UP-TO-DATE
> Task :app:checkDebugAarMetadata UP-TO-DATE
> Task :app:processDebugNavigationResources UP-TO-DATE
> Task :app:compileDebugNavigationResources UP-TO-DATE
> Task :app:generateDebugResValues UP-TO-DATE
> Task :app:mapDebugSourceSetPaths UP-TO-DATE
> Task :app:generateDebugResources UP-TO-DATE
> Task :app:mergeDebugResources UP-TO-DATE
> Task :app:packageDebugResources UP-TO-DATE
> Task :app:parseDebugLocalResources UP-TO-DATE
> Task :app:createDebugCompatibleScreenManifests UP-TO-DATE
> Task :app:extractDeepLinksDebug UP-TO-DATE
> Task :app:processDebugMainManifest UP-TO-DATE
> Task :app:processDebugManifest UP-TO-DATE
> Task :app:processDebugManifestForPackage UP-TO-DATE
> Task :app:processDebugResources UP-TO-DATE
> Task :app:kspDebugKotlin UP-TO-DATE
> Task :app:compileDebugKotlin UP-TO-DATE
> Task :app:javaPreCompileDebug UP-TO-DATE
> Task :app:compileDebugJavaWithJavac NO-SOURCE
> Task :app:bundleDebugClassesToRuntimeJar UP-TO-DATE
> Task :app:bundleDebugClassesToCompileJar UP-TO-DATE
> Task :app:preDebugUnitTestBuild UP-TO-DATE
> Task :app:javaPreCompileDebugUnitTest UP-TO-DATE
> Task :app:mergeDebugShaders UP-TO-DATE
> Task :app:compileDebugShaders NO-SOURCE
> Task :app:generateDebugAssets UP-TO-DATE
> Task :app:mergeDebugAssets UP-TO-DATE
> Task :app:packageDebugUnitTestForUnitTest UP-TO-DATE
> Task :app:processDebugUnitTestManifest UP-TO-DATE
> Task :app:generateDebugUnitTestConfig UP-TO-DATE
> Task :app:processDebugJavaRes UP-TO-DATE
> Task :app:kspDebugUnitTestKotlin

> Task :app:compileDebugUnitTestKotlin FAILED
e: file:///home/ronghua/codes/Noter/app/src/test/java/com/cory/noter/ui/voice/VoiceHomeViewModelTest.kt:49:44 Unresolved reference 'noticeMessage'.
e: file:///home/ronghua/codes/Noter/app/src/test/java/com/cory/noter/ui/voice/VoiceHomeViewModelTest.kt:49:59 Unresolved reference 'isNull'.
e: file:///home/ronghua/codes/Noter/app/src/test/java/com/cory/noter/ui/voice/VoiceHomeViewModelTest.kt:50:44 Unresolved reference 'errorMessage'.
e: file:///home/ronghua/codes/Noter/app/src/test/java/com/cory/noter/ui/voice/VoiceHomeViewModelTest.kt:50:58 Unresolved reference 'isNull'.
e: file:///home/ronghua/codes/Noter/app/src/test/java/com/cory/noter/ui/voice/VoiceHomeViewModelTest.kt:51:44 Unresolved reference 'showRetryAction'.
e: file:///home/ronghua/codes/Noter/app/src/test/java/com/cory/noter/ui/voice/VoiceHomeViewModelTest.kt:51:61 Unresolved reference 'isFalse'.
e: file:///home/ronghua/codes/Noter/app/src/test/java/com/cory/noter/ui/voice/VoiceHomeViewModelTest.kt:52:44 Unresolved reference 'showTextFallbackAction'.
e: file:///home/ronghua/codes/Noter/app/src/test/java/com/cory/noter/ui/voice/VoiceHomeViewModelTest.kt:52:68 Unresolved reference 'isFalse'.
e: file:///home/ronghua/codes/Noter/app/src/test/java/com/cory/noter/ui/voice/VoiceHomeViewModelTest.kt:67:44 Unresolved reference 'errorMessage'.
e: file:///home/ronghua/codes/Noter/app/src/test/java/com/cory/noter/ui/voice/VoiceHomeViewModelTest.kt:68:14 Unresolved reference 'isEqualTo'.
e: file:///home/ronghua/codes/Noter/app/src/test/java/com/cory/noter/ui/voice/VoiceHomeViewModelTest.kt:68:49 Unresolved reference 'voice_home_permission_needed'.
e: file:///home/ronghua/codes/Noter/app/src/test/java/com/cory/noter/ui/voice/VoiceHomeViewModelTest.kt:69:44 Unresolved reference 'showRetryAction'.
e: file:///home/ronghua/codes/Noter/app/src/test/java/com/cory/noter/ui/voice/VoiceHomeViewModelTest.kt:69:61 Unresolved reference 'isFalse'.
e: file:///home/ronghua/codes/Noter/app/src/test/java/com/cory/noter/ui/voice/VoiceHomeViewModelTest.kt:70:44 Unresolved reference 'showTextFallbackAction'.
e: file:///home/ronghua/codes/Noter/app/src/test/java/com/cory/noter/ui/voice/VoiceHomeViewModelTest.kt:70:68 Unresolved reference 'isTrue'.
e: file:///home/ronghua/codes/Noter/app/src/test/java/com/cory/noter/ui/voice/VoiceHomeViewModelTest.kt:93:44 Unresolved reference 'noticeMessage'.
e: file:///home/ronghua/codes/Noter/app/src/test/java/com/cory/noter/ui/voice/VoiceHomeViewModelTest.kt:94:14 Unresolved reference 'isEqualTo'.
e: file:///home/ronghua/codes/Noter/app/src/test/java/com/cory/noter/ui/voice/VoiceHomeViewModelTest.kt:94:49 Unresolved reference 'voice_home_processing_notice'.
e: file:///home/ronghua/codes/Noter/app/src/test/java/com/cory/noter/ui/voice/VoiceHomeViewModelTest.kt:95:44 Unresolved reference 'errorMessage'.
e: file:///home/ronghua/codes/Noter/app/src/test/java/com/cory/noter/ui/voice/VoiceHomeViewModelTest.kt:95:58 Unresolved reference 'isNull'.
e: file:///home/ronghua/codes/Noter/app/src/test/java/com/cory/noter/ui/voice/VoiceHomeViewModelTest.kt:96:44 Unresolved reference 'showRetryAction'.
e: file:///home/ronghua/codes/Noter/app/src/test/java/com/cory/noter/ui/voice/VoiceHomeViewModelTest.kt:96:61 Unresolved reference 'isFalse'.
e: file:///home/ronghua/codes/Noter/app/src/test/java/com/cory/noter/ui/voice/VoiceHomeViewModelTest.kt:97:44 Unresolved reference 'showTextFallbackAction'.
e: file:///home/ronghua/codes/Noter/app/src/test/java/com/cory/noter/ui/voice/VoiceHomeViewModelTest.kt:97:68 Unresolved reference 'isFalse'.
e: file:///home/ronghua/codes/Noter/app/src/test/java/com/cory/noter/ui/voice/VoiceHomeViewModelTest.kt:119:44 Unresolved reference 'noticeMessage'.
e: file:///home/ronghua/codes/Noter/app/src/test/java/com/cory/noter/ui/voice/VoiceHomeViewModelTest.kt:119:59 Unresolved reference 'isNull'.
e: file:///home/ronghua/codes/Noter/app/src/test/java/com/cory/noter/ui/voice/VoiceHomeViewModelTest.kt:120:44 Unresolved reference 'errorMessage'.
e: file:///home/ronghua/codes/Noter/app/src/test/java/com/cory/noter/ui/voice/VoiceHomeViewModelTest.kt:120:58 Unresolved reference 'isNull'.
e: file:///home/ronghua/codes/Noter/app/src/test/java/com/cory/noter/ui/voice/VoiceHomeViewModelTest.kt:121:44 Unresolved reference 'showRetryAction'.
e: file:///home/ronghua/codes/Noter/app/src/test/java/com/cory/noter/ui/voice/VoiceHomeViewModelTest.kt:121:61 Unresolved reference 'isFalse'.
e: file:///home/ronghua/codes/Noter/app/src/test/java/com/cory/noter/ui/voice/VoiceHomeViewModelTest.kt:122:44 Unresolved reference 'showTextFallbackAction'.
e: file:///home/ronghua/codes/Noter/app/src/test/java/com/cory/noter/ui/voice/VoiceHomeViewModelTest.kt:122:68 Unresolved reference 'isFalse'.
e: file:///home/ronghua/codes/Noter/app/src/test/java/com/cory/noter/ui/voice/VoiceHomeViewModelTest.kt:142:44 Unresolved reference 'noticeMessage'.
e: file:///home/ronghua/codes/Noter/app/src/test/java/com/cory/noter/ui/voice/VoiceHomeViewModelTest.kt:143:14 Unresolved reference 'isEqualTo'.
e: file:///home/ronghua/codes/Noter/app/src/test/java/com/cory/noter/ui/voice/VoiceHomeViewModelTest.kt:143:49 Unresolved reference 'voice_home_processing_notice'.
e: file:///home/ronghua/codes/Noter/app/src/test/java/com/cory/noter/ui/voice/VoiceHomeViewModelTest.kt:144:44 Unresolved reference 'errorMessage'.
e: file:///home/ronghua/codes/Noter/app/src/test/java/com/cory/noter/ui/voice/VoiceHomeViewModelTest.kt:144:58 Unresolved reference 'isNull'.
e: file:///home/ronghua/codes/Noter/app/src/test/java/com/cory/noter/ui/voice/VoiceHomeViewModelTest.kt:145:44 Unresolved reference 'showRetryAction'.
e: file:///home/ronghua/codes/Noter/app/src/test/java/com/cory/noter/ui/voice/VoiceHomeViewModelTest.kt:145:61 Unresolved reference 'isFalse'.
e: file:///home/ronghua/codes/Noter/app/src/test/java/com/cory/noter/ui/voice/VoiceHomeViewModelTest.kt:146:44 Unresolved reference 'showTextFallbackAction'.
e: file:///home/ronghua/codes/Noter/app/src/test/java/com/cory/noter/ui/voice/VoiceHomeViewModelTest.kt:146:68 Unresolved reference 'isFalse'.
e: file:///home/ronghua/codes/Noter/app/src/test/java/com/cory/noter/ui/voice/VoiceHomeViewModelTest.kt:171:44 Unresolved reference 'noticeMessage'.
e: file:///home/ronghua/codes/Noter/app/src/test/java/com/cory/noter/ui/voice/VoiceHomeViewModelTest.kt:172:14 Unresolved reference 'isEqualTo'.
e: file:///home/ronghua/codes/Noter/app/src/test/java/com/cory/noter/ui/voice/VoiceHomeViewModelTest.kt:172:49 Unresolved reference 'voice_home_processing_notice'.
e: file:///home/ronghua/codes/Noter/app/src/test/java/com/cory/noter/ui/voice/VoiceHomeViewModelTest.kt:173:44 Unresolved reference 'errorMessage'.
e: file:///home/ronghua/codes/Noter/app/src/test/java/com/cory/noter/ui/voice/VoiceHomeViewModelTest.kt:173:58 Unresolved reference 'isNull'.
e: file:///home/ronghua/codes/Noter/app/src/test/java/com/cory/noter/ui/voice/VoiceHomeViewModelTest.kt:174:44 Unresolved reference 'showRetryAction'.
e: file:///home/ronghua/codes/Noter/app/src/test/java/com/cory/noter/ui/voice/VoiceHomeViewModelTest.kt:174:61 Unresolved reference 'isFalse'.
e: file:///home/ronghua/codes/Noter/app/src/test/java/com/cory/noter/ui/voice/VoiceHomeViewModelTest.kt:175:44 Unresolved reference 'showTextFallbackAction'.
e: file:///home/ronghua/codes/Noter/app/src/test/java/com/cory/noter/ui/voice/VoiceHomeViewModelTest.kt:175:68 Unresolved reference 'isFalse'.
e: file:///home/ronghua/codes/Noter/app/src/test/java/com/cory/noter/ui/voice/VoiceHomeViewModelTest.kt:200:44 Unresolved reference 'noticeMessage'.
e: file:///home/ronghua/codes/Noter/app/src/test/java/com/cory/noter/ui/voice/VoiceHomeViewModelTest.kt:200:59 Unresolved reference 'isNull'.
e: file:///home/ronghua/codes/Noter/app/src/test/java/com/cory/noter/ui/voice/VoiceHomeViewModelTest.kt:201:44 Unresolved reference 'errorMessage'.
e: file:///home/ronghua/codes/Noter/app/src/test/java/com/cory/noter/ui/voice/VoiceHomeViewModelTest.kt:202:14 Unresolved reference 'isEqualTo'.
e: file:///home/ronghua/codes/Noter/app/src/test/java/com/cory/noter/ui/voice/VoiceHomeViewModelTest.kt:202:49 Unresolved reference 'voice_home_asr_failed'.
e: file:///home/ronghua/codes/Noter/app/src/test/java/com/cory/noter/ui/voice/VoiceHomeViewModelTest.kt:203:44 Unresolved reference 'showRetryAction'.
e: file:///home/ronghua/codes/Noter/app/src/test/java/com/cory/noter/ui/voice/VoiceHomeViewModelTest.kt:203:61 Unresolved reference 'isTrue'.
e: file:///home/ronghua/codes/Noter/app/src/test/java/com/cory/noter/ui/voice/VoiceHomeViewModelTest.kt:204:44 Unresolved reference 'showTextFallbackAction'.
e: file:///home/ronghua/codes/Noter/app/src/test/java/com/cory/noter/ui/voice/VoiceHomeViewModelTest.kt:204:68 Unresolved reference 'isTrue'.
e: file:///home/ronghua/codes/Noter/app/src/test/java/com/cory/noter/ui/voice/VoiceHomeViewModelTest.kt:222:19 Unresolved reference 'onRetry'.
e: file:///home/ronghua/codes/Noter/app/src/test/java/com/cory/noter/ui/voice/VoiceHomeViewModelTest.kt:225:44 Unresolved reference 'noticeMessage'.
e: file:///home/ronghua/codes/Noter/app/src/test/java/com/cory/noter/ui/voice/VoiceHomeViewModelTest.kt:225:59 Unresolved reference 'isNull'.
e: file:///home/ronghua/codes/Noter/app/src/test/java/com/cory/noter/ui/voice/VoiceHomeViewModelTest.kt:226:44 Unresolved reference 'errorMessage'.
e: file:///home/ronghua/codes/Noter/app/src/test/java/com/cory/noter/ui/voice/VoiceHomeViewModelTest.kt:226:58 Unresolved reference 'isNull'.
e: file:///home/ronghua/codes/Noter/app/src/test/java/com/cory/noter/ui/voice/VoiceHomeViewModelTest.kt:227:44 Unresolved reference 'showRetryAction'.
e: file:///home/ronghua/codes/Noter/app/src/test/java/com/cory/noter/ui/voice/VoiceHomeViewModelTest.kt:227:61 Unresolved reference 'isFalse'.
e: file:///home/ronghua/codes/Noter/app/src/test/java/com/cory/noter/ui/voice/VoiceHomeViewModelTest.kt:228:44 Unresolved reference 'showTextFallbackAction'.
e: file:///home/ronghua/codes/Noter/app/src/test/java/com/cory/noter/ui/voice/VoiceHomeViewModelTest.kt:228:68 Unresolved reference 'isFalse'.

FAILURE: Build failed with an exception.

* What went wrong:
Execution failed for task ':app:compileDebugUnitTestKotlin'.
> A failure occurred while executing org.jetbrains.kotlin.compilerRunner.GradleCompilerRunnerWithWorkers$GradleKotlinCompilerWorkAction
   > Compilation error. See log for more details

* Try:
> Run with --stacktrace option to get the stack trace.
> Run with --info or --debug option to get more log output.
> Run with --scan to get full insights.
> Get more help at https://help.gradle.org.

BUILD FAILED in 23s
29 actionable tasks: 2 executed, 27 up-to-date
