To honour the JVM settings for this build a single-use Daemon process will be forked. For more on this, please refer to https://docs.gradle.org/8.14.3/userguide/gradle_daemon.html#sec:disabling_the_daemon in the Gradle documentation.
Daemon will be stopped at the end of the build 
> Task :app:checkKotlinGradlePluginConfigurationErrors SKIPPED
> Task :app:preBuild UP-TO-DATE
> Task :app:preDebugBuild UP-TO-DATE
> Task :app:checkDebugAarMetadata UP-TO-DATE
> Task :app:processDebugNavigationResources UP-TO-DATE
> Task :app:compileDebugNavigationResources UP-TO-DATE
> Task :app:generateDebugResValues UP-TO-DATE
> Task :app:mapDebugSourceSetPaths UP-TO-DATE
> Task :app:generateDebugResources UP-TO-DATE
> Task :app:mergeDebugResources UP-TO-DATE
> Task :app:packageDebugResources UP-TO-DATE
> Task :app:parseDebugLocalResources UP-TO-DATE
> Task :app:createDebugCompatibleScreenManifests UP-TO-DATE
> Task :app:extractDeepLinksDebug UP-TO-DATE
> Task :app:processDebugMainManifest UP-TO-DATE
> Task :app:processDebugManifest UP-TO-DATE
> Task :app:processDebugManifestForPackage UP-TO-DATE
> Task :app:processDebugResources UP-TO-DATE
> Task :app:kspDebugKotlin UP-TO-DATE
> Task :app:compileDebugKotlin UP-TO-DATE
> Task :app:javaPreCompileDebug UP-TO-DATE
> Task :app:compileDebugJavaWithJavac NO-SOURCE
> Task :app:bundleDebugClassesToRuntimeJar UP-TO-DATE
> Task :app:bundleDebugClassesToCompileJar UP-TO-DATE
> Task :app:preDebugUnitTestBuild UP-TO-DATE
> Task :app:javaPreCompileDebugUnitTest UP-TO-DATE
> Task :app:mergeDebugShaders UP-TO-DATE
> Task :app:compileDebugShaders NO-SOURCE
> Task :app:generateDebugAssets UP-TO-DATE
> Task :app:mergeDebugAssets UP-TO-DATE
> Task :app:packageDebugUnitTestForUnitTest UP-TO-DATE
> Task :app:processDebugUnitTestManifest UP-TO-DATE
> Task :app:generateDebugUnitTestConfig UP-TO-DATE
> Task :app:processDebugJavaRes UP-TO-DATE
> Task :app:kspDebugUnitTestKotlin

> Task :app:compileDebugUnitTestKotlin FAILED
e: file:///home/ronghua/codes/Noter/app/src/test/java/com/cory/noter/agent/tools/RejectUnclearRequestToolTest.kt:16:20 Unresolved reference 'RejectUnclearRequestTool'.
e: file:///home/ronghua/codes/Noter/app/src/test/java/com/cory/noter/agent/tools/RejectUnclearRequestToolTest.kt:18:36 Unresolved reference 'isEqualTo'.
e: file:///home/ronghua/codes/Noter/app/src/test/java/com/cory/noter/agent/tools/RejectUnclearRequestToolTest.kt:19:36 Unresolved reference 'isEqualTo'.
e: file:///home/ronghua/codes/Noter/app/src/test/java/com/cory/noter/agent/tools/RejectUnclearRequestToolTest.kt:20:51 Unresolved reference. None of the following candidates is applicable because of a receiver type mismatch:
val JsonElement.jsonPrimitive: JsonPrimitive
e: file:///home/ronghua/codes/Noter/app/src/test/java/com/cory/noter/agent/tools/RejectUnclearRequestToolTest.kt:21:63 Unresolved reference. None of the following candidates is applicable because of a receiver type mismatch:
val JsonElement.jsonObject: JsonObject
e: file:///home/ronghua/codes/Noter/app/src/test/java/com/cory/noter/agent/tools/RejectUnclearRequestToolTest.kt:27:20 Unresolved reference 'RejectUnclearRequestTool'.
e: file:///home/ronghua/codes/Noter/app/src/test/java/com/cory/noter/agent/tools/RejectUnclearRequestToolTest.kt:42:28 Unresolved reference 'isInstanceOf'.
e: file:///home/ronghua/codes/Noter/app/src/test/java/com/cory/noter/agent/tools/RejectUnclearRequestToolTest.kt:56:20 Unresolved reference 'RejectUnclearRequestTool'.
e: file:///home/ronghua/codes/Noter/app/src/test/java/com/cory/noter/agent/tools/RejectUnclearRequestToolTest.kt:66:28 Unresolved reference 'isEqualTo'.

FAILURE: Build failed with an exception.

* What went wrong:
Execution failed for task ':app:compileDebugUnitTestKotlin'.
> A failure occurred while executing org.jetbrains.kotlin.compilerRunner.GradleCompilerRunnerWithWorkers$GradleKotlinCompilerWorkAction
   > Compilation error. See log for more details

* Try:
> Run with --stacktrace option to get the stack trace.
> Run with --info or --debug option to get more log output.
> Run with --scan to get full insights.
> Get more help at https://help.gradle.org.

BUILD FAILED in 27s
29 actionable tasks: 2 executed, 27 up-to-date
