To honour the JVM settings for this build a single-use Daemon process will be forked. For more on this, please refer to https://docs.gradle.org/8.14.3/userguide/gradle_daemon.html#sec:disabling_the_daemon in the Gradle documentation.
Daemon will be stopped at the end of the build 
> Task :app:checkKotlinGradlePluginConfigurationErrors SKIPPED
> Task :app:preBuild UP-TO-DATE
> Task :app:preDebugBuild UP-TO-DATE
> Task :app:checkDebugAarMetadata UP-TO-DATE
> Task :app:processDebugNavigationResources UP-TO-DATE
> Task :app:compileDebugNavigationResources UP-TO-DATE
> Task :app:generateDebugResValues UP-TO-DATE
> Task :app:mapDebugSourceSetPaths UP-TO-DATE
> Task :app:generateDebugResources UP-TO-DATE
> Task :app:mergeDebugResources UP-TO-DATE
> Task :app:packageDebugResources UP-TO-DATE
> Task :app:parseDebugLocalResources UP-TO-DATE
> Task :app:createDebugCompatibleScreenManifests UP-TO-DATE
> Task :app:extractDeepLinksDebug UP-TO-DATE
> Task :app:processDebugMainManifest UP-TO-DATE
> Task :app:processDebugManifest UP-TO-DATE
> Task :app:processDebugManifestForPackage UP-TO-DATE
> Task :app:processDebugResources UP-TO-DATE
> Task :app:kspDebugKotlin UP-TO-DATE
> Task :app:compileDebugKotlin UP-TO-DATE
> Task :app:javaPreCompileDebug UP-TO-DATE
> Task :app:compileDebugJavaWithJavac NO-SOURCE
> Task :app:bundleDebugClassesToRuntimeJar UP-TO-DATE
> Task :app:bundleDebugClassesToCompileJar UP-TO-DATE
> Task :app:preDebugUnitTestBuild UP-TO-DATE
> Task :app:javaPreCompileDebugUnitTest UP-TO-DATE
> Task :app:mergeDebugShaders UP-TO-DATE
> Task :app:compileDebugShaders NO-SOURCE
> Task :app:generateDebugAssets UP-TO-DATE
> Task :app:mergeDebugAssets UP-TO-DATE
> Task :app:packageDebugUnitTestForUnitTest UP-TO-DATE
> Task :app:processDebugUnitTestManifest UP-TO-DATE
> Task :app:generateDebugUnitTestConfig UP-TO-DATE
> Task :app:processDebugJavaRes UP-TO-DATE
> Task :app:kspDebugUnitTestKotlin

> Task :app:compileDebugUnitTestKotlin FAILED
e: file:///home/ronghua/codes/Noter/app/src/test/java/com/cory/noter/agent/AgentLoopRunnerTest.kt:147:46 Unresolved reference 'RequiredAnyTool'.
e: file:///home/ronghua/codes/Noter/app/src/test/java/com/cory/noter/agent/AgentLoopRunnerTest.kt:176:17 No parameter with name 'risk' found.
e: file:///home/ronghua/codes/Noter/app/src/test/java/com/cory/noter/agent/AgentLoopRunnerTest.kt:176:24 Unresolved reference 'AgentToolRisk'.
e: file:///home/ronghua/codes/Noter/app/src/test/java/com/cory/noter/agent/AgentLoopRunnerTest.kt:193:46 Unresolved reference 'RequiredAnyTool'.
e: file:///home/ronghua/codes/Noter/app/src/test/java/com/cory/noter/agent/AgentLoopRunnerTest.kt:199:78 Unresolved reference 'RequiredAnyTool'.
e: file:///home/ronghua/codes/Noter/app/src/test/java/com/cory/noter/agent/AgentLoopRunnerTest.kt:216:55 Unresolved reference 'RequiredAnyTool'.
e: file:///home/ronghua/codes/Noter/app/src/test/java/com/cory/noter/agent/AgentLoopRunnerTest.kt:232:75 Unresolved reference 'RequiredAnyTool'.
e: file:///home/ronghua/codes/Noter/app/src/test/java/com/cory/noter/agent/AgentLoopRunnerTest.kt:245:13 No parameter with name 'risk' found.
e: file:///home/ronghua/codes/Noter/app/src/test/java/com/cory/noter/agent/AgentLoopRunnerTest.kt:245:20 Unresolved reference 'AgentToolRisk'.
e: file:///home/ronghua/codes/Noter/app/src/test/java/com/cory/noter/agent/AgentLoopRunnerTest.kt:248:25 Unresolved reference 'risk'.
e: file:///home/ronghua/codes/Noter/app/src/test/java/com/cory/noter/agent/AgentLoopRunnerTest.kt:248:31 Unresolved reference 'isEqualTo'.
e: file:///home/ronghua/codes/Noter/app/src/test/java/com/cory/noter/agent/AgentLoopRunnerTest.kt:248:41 Unresolved reference 'AgentToolRisk'.
e: file:///home/ronghua/codes/Noter/app/src/test/java/com/cory/noter/agent/AgentLoopRunnerTest.kt:249:20 Unresolved reference 'AgentToolRisk'.
e: file:///home/ronghua/codes/Noter/app/src/test/java/com/cory/noter/agent/AgentLoopRunnerTest.kt:249:48 Unresolved reference 'it'.
e: file:///home/ronghua/codes/Noter/app/src/test/java/com/cory/noter/agent/AgentLoopRunnerTest.kt:250:14 Unresolved reference 'containsExactly'.
e: file:///home/ronghua/codes/Noter/app/src/test/java/com/cory/noter/ai/OpenRouterAgentClientTest.kt:178:55 Unresolved reference 'RequiredAnyTool'.

FAILURE: Build failed with an exception.

* What went wrong:
Execution failed for task ':app:compileDebugUnitTestKotlin'.
> A failure occurred while executing org.jetbrains.kotlin.compilerRunner.GradleCompilerRunnerWithWorkers$GradleKotlinCompilerWorkAction
   > Compilation error. See log for more details

* Try:
> Run with --stacktrace option to get the stack trace.
> Run with --info or --debug option to get more log output.
> Run with --scan to get full insights.
> Get more help at https://help.gradle.org.

BUILD FAILED in 23s
29 actionable tasks: 2 executed, 27 up-to-date
