> Task :app:checkKotlinGradlePluginConfigurationErrors SKIPPED
> Task :app:preBuild UP-TO-DATE
> Task :app:preDebugBuild UP-TO-DATE
> Task :app:checkDebugAarMetadata UP-TO-DATE
> Task :app:processDebugNavigationResources UP-TO-DATE
> Task :app:compileDebugNavigationResources UP-TO-DATE
> Task :app:generateDebugResValues UP-TO-DATE
> Task :app:mapDebugSourceSetPaths UP-TO-DATE
> Task :app:generateDebugResources UP-TO-DATE
> Task :app:mergeDebugResources UP-TO-DATE
> Task :app:packageDebugResources UP-TO-DATE
> Task :app:parseDebugLocalResources UP-TO-DATE
> Task :app:createDebugCompatibleScreenManifests UP-TO-DATE
> Task :app:extractDeepLinksDebug UP-TO-DATE
> Task :app:processDebugMainManifest UP-TO-DATE
> Task :app:processDebugManifest UP-TO-DATE
> Task :app:processDebugManifestForPackage UP-TO-DATE
> Task :app:processDebugResources UP-TO-DATE
> Task :app:javaPreCompileDebug UP-TO-DATE
> Task :app:preDebugUnitTestBuild UP-TO-DATE
> Task :app:javaPreCompileDebugUnitTest UP-TO-DATE
> Task :app:mergeDebugShaders UP-TO-DATE
> Task :app:compileDebugShaders NO-SOURCE
> Task :app:generateDebugAssets UP-TO-DATE
> Task :app:mergeDebugAssets UP-TO-DATE
> Task :app:packageDebugUnitTestForUnitTest UP-TO-DATE
> Task :app:processDebugUnitTestManifest UP-TO-DATE
> Task :app:generateDebugUnitTestConfig UP-TO-DATE
> Task :app:preDebugAndroidTestBuild SKIPPED
> Task :app:checkDebugAndroidTestAarMetadata UP-TO-DATE
> Task :app:processDebugAndroidTestNavigationResources UP-TO-DATE
> Task :app:compileDebugAndroidTestNavigationResources UP-TO-DATE
> Task :app:generateDebugAndroidTestResValues UP-TO-DATE
> Task :app:mapDebugAndroidTestSourceSetPaths UP-TO-DATE
> Task :app:generateDebugAndroidTestResources UP-TO-DATE
> Task :app:mergeDebugAndroidTestResources UP-TO-DATE
> Task :app:processDebugAndroidTestManifest UP-TO-DATE
> Task :app:processDebugAndroidTestResources UP-TO-DATE
> Task :app:extractProguardFiles UP-TO-DATE
> Task :app:mergeDebugNativeDebugMetadata NO-SOURCE
> Task :app:compressDebugAssets UP-TO-DATE
> Task :app:desugarDebugFileDependencies UP-TO-DATE
> Task :app:checkDebugDuplicateClasses UP-TO-DATE
> Task :app:mergeExtDexDebug UP-TO-DATE
> Task :app:mergeLibDexDebug UP-TO-DATE
> Task :app:mergeDebugJniLibFolders UP-TO-DATE
> Task :app:mergeDebugNativeLibs UP-TO-DATE
> Task :app:stripDebugDebugSymbols UP-TO-DATE
> Task :app:validateSigningDebug UP-TO-DATE
> Task :app:writeDebugAppMetadata UP-TO-DATE
> Task :app:writeDebugSigningConfigVersions UP-TO-DATE
> Task :app:kspDebugKotlin
> Task :app:compileDebugKotlin
> Task :app:compileDebugJavaWithJavac NO-SOURCE
> Task :app:processDebugJavaRes UP-TO-DATE
> Task :app:generateDebugLintReportModel
> Task :app:bundleDebugClassesToRuntimeJar
> Task :app:bundleDebugClassesToCompileJar
> Task :app:dexBuilderDebug
> Task :app:generateDebugAndroidTestLintModel
> Task :app:generateDebugUnitTestLintModel
> Task :app:mergeDebugGlobalSynthetics UP-TO-DATE
> Task :app:mergeDebugJavaResource UP-TO-DATE
> Task :app:mergeProjectDexDebug
> Task :app:packageDebug
> Task :app:createDebugApkListingFileRedirect UP-TO-DATE
> Task :app:assembleDebug
> Task :app:kspDebugAndroidTestKotlin
> Task :app:kspDebugUnitTestKotlin
> Task :app:compileDebugUnitTestKotlin UP-TO-DATE
> Task :app:compileDebugUnitTestJavaWithJavac NO-SOURCE
> Task :app:processDebugUnitTestJavaRes UP-TO-DATE
> Task :app:lintAnalyzeDebugAndroidTest

> Task :app:compileDebugAndroidTestKotlin
w: file:///Users/cory/codes/Noter/app/src/androidTest/java/com/cory/noter/AlarmEditorSmokeTest.kt:34:23 'fun createComposeRule(effectContext: CoroutineContext = ...): ComposeContentTestRule' is deprecated. Use `androidx.compose.ui.test.junit4.v2.createComposeRule` instead. The v2 APIs use StandardTestDispatcher instead of UnconfinedTestDispatcher, which aligns with standard coroutine behavior by queuing tasks rather than executing them immediately. Tests relying on immediate execution may require explicit synchronization. Please refer to the migration guide for more details.

> Task :app:lintAnalyzeDebugUnitTest
> Task :app:lintAnalyzeDebug
> Task :app:testDebugUnitTest
> Task :app:lintReportDebug UP-TO-DATE
> Task :app:lintDebug

BUILD SUCCESSFUL in 13s
68 actionable tasks: 18 executed, 50 up-to-date
