> Task :app:checkKotlinGradlePluginConfigurationErrors SKIPPED
> Task :app:preBuild UP-TO-DATE
> Task :app:preDebugBuild UP-TO-DATE
> Task :app:checkDebugAarMetadata UP-TO-DATE
> Task :app:processDebugNavigationResources UP-TO-DATE
> Task :app:compileDebugNavigationResources UP-TO-DATE
> Task :app:generateDebugResValues UP-TO-DATE
> Task :app:mapDebugSourceSetPaths UP-TO-DATE
> Task :app:generateDebugResources UP-TO-DATE
> Task :app:mergeDebugResources UP-TO-DATE
> Task :app:packageDebugResources UP-TO-DATE
> Task :app:parseDebugLocalResources UP-TO-DATE
> Task :app:createDebugCompatibleScreenManifests UP-TO-DATE
> Task :app:extractDeepLinksDebug UP-TO-DATE
> Task :app:processDebugMainManifest UP-TO-DATE
> Task :app:processDebugManifest UP-TO-DATE
> Task :app:processDebugManifestForPackage UP-TO-DATE
> Task :app:processDebugResources UP-TO-DATE
> Task :app:kspDebugKotlin UP-TO-DATE
> Task :app:compileDebugKotlin UP-TO-DATE
> Task :app:javaPreCompileDebug UP-TO-DATE
> Task :app:compileDebugJavaWithJavac NO-SOURCE
> Task :app:bundleDebugClassesToCompileJar UP-TO-DATE
> Task :app:preDebugAndroidTestBuild SKIPPED
> Task :app:checkDebugAndroidTestAarMetadata UP-TO-DATE
> Task :app:processDebugAndroidTestNavigationResources UP-TO-DATE
> Task :app:compileDebugAndroidTestNavigationResources UP-TO-DATE
> Task :app:generateDebugAndroidTestResValues UP-TO-DATE
> Task :app:mapDebugAndroidTestSourceSetPaths UP-TO-DATE
> Task :app:generateDebugAndroidTestResources UP-TO-DATE
> Task :app:mergeDebugAndroidTestResources UP-TO-DATE
> Task :app:processDebugAndroidTestManifest UP-TO-DATE
> Task :app:processDebugAndroidTestResources UP-TO-DATE
> Task :app:javaPreCompileDebugAndroidTest UP-TO-DATE
> Task :app:mergeDebugAndroidTestShaders UP-TO-DATE
> Task :app:compileDebugAndroidTestShaders NO-SOURCE
> Task :app:generateDebugAndroidTestAssets UP-TO-DATE
> Task :app:mergeDebugAndroidTestAssets UP-TO-DATE
> Task :app:compressDebugAndroidTestAssets UP-TO-DATE
> Task :app:desugarDebugAndroidTestFileDependencies UP-TO-DATE
> Task :app:checkDebugAndroidTestDuplicateClasses UP-TO-DATE
> Task :app:mergeExtDexDebugAndroidTest UP-TO-DATE
> Task :app:mergeLibDexDebugAndroidTest UP-TO-DATE
> Task :app:mergeDebugAndroidTestJniLibFolders UP-TO-DATE
> Task :app:mergeDebugJniLibFolders UP-TO-DATE
> Task :app:mergeDebugNativeLibs UP-TO-DATE
> Task :app:mergeDebugAndroidTestNativeLibs NO-SOURCE
> Task :app:stripDebugAndroidTestDebugSymbols NO-SOURCE
> Task :app:validateSigningDebugAndroidTest UP-TO-DATE
> Task :app:writeDebugAndroidTestSigningConfigVersions UP-TO-DATE
> Task :app:kspDebugAndroidTestKotlin

> Task :app:compileDebugAndroidTestKotlin FAILED
e: file:///Users/cory/codes/Noter/app/src/androidTest/java/com/cory/noter/AlarmEditorSmokeTest.kt:63:21 No parameter with name 'onOnceDateSelected' found.
e: file:///Users/cory/codes/Noter/app/src/androidTest/java/com/cory/noter/AlarmEditorSmokeTest.kt:64:21 No parameter with name 'onIntervalStartDateSelected' found.
e: file:///Users/cory/codes/Noter/app/src/androidTest/java/com/cory/noter/AlarmEditorSmokeTest.kt:65:21 No parameter with name 'onIntervalEndDateSelected' found.
e: file:///Users/cory/codes/Noter/app/src/androidTest/java/com/cory/noter/AlarmEditorSmokeTest.kt:72:21 No value passed for parameter 'onOnceDateChanged'.
e: file:///Users/cory/codes/Noter/app/src/androidTest/java/com/cory/noter/AlarmEditorSmokeTest.kt:72:21 No value passed for parameter 'onIntervalStartDateChanged'.
e: file:///Users/cory/codes/Noter/app/src/androidTest/java/com/cory/noter/AlarmEditorSmokeTest.kt:72:21 No value passed for parameter 'onIntervalEndDateChanged'.
e: file:///Users/cory/codes/Noter/app/src/androidTest/java/com/cory/noter/AlarmEditorSmokeTest.kt:138:21 No parameter with name 'onOnceDateSelected' found.
e: file:///Users/cory/codes/Noter/app/src/androidTest/java/com/cory/noter/AlarmEditorSmokeTest.kt:139:21 No parameter with name 'onIntervalStartDateSelected' found.
e: file:///Users/cory/codes/Noter/app/src/androidTest/java/com/cory/noter/AlarmEditorSmokeTest.kt:140:21 No parameter with name 'onIntervalEndDateSelected' found.
e: file:///Users/cory/codes/Noter/app/src/androidTest/java/com/cory/noter/AlarmEditorSmokeTest.kt:147:21 No value passed for parameter 'onOnceDateChanged'.
e: file:///Users/cory/codes/Noter/app/src/androidTest/java/com/cory/noter/AlarmEditorSmokeTest.kt:147:21 No value passed for parameter 'onIntervalStartDateChanged'.
e: file:///Users/cory/codes/Noter/app/src/androidTest/java/com/cory/noter/AlarmEditorSmokeTest.kt:147:21 No value passed for parameter 'onIntervalEndDateChanged'.
e: file:///Users/cory/codes/Noter/app/src/androidTest/java/com/cory/noter/AlarmEditorSmokeTest.kt:185:21 No parameter with name 'onOnceDateSelected' found.
e: file:///Users/cory/codes/Noter/app/src/androidTest/java/com/cory/noter/AlarmEditorSmokeTest.kt:186:21 No parameter with name 'onIntervalStartDateSelected' found.
e: file:///Users/cory/codes/Noter/app/src/androidTest/java/com/cory/noter/AlarmEditorSmokeTest.kt:187:21 No parameter with name 'onIntervalEndDateSelected' found.
e: file:///Users/cory/codes/Noter/app/src/androidTest/java/com/cory/noter/AlarmEditorSmokeTest.kt:194:21 No value passed for parameter 'onOnceDateChanged'.
e: file:///Users/cory/codes/Noter/app/src/androidTest/java/com/cory/noter/AlarmEditorSmokeTest.kt:194:21 No value passed for parameter 'onIntervalStartDateChanged'.
e: file:///Users/cory/codes/Noter/app/src/androidTest/java/com/cory/noter/AlarmEditorSmokeTest.kt:194:21 No value passed for parameter 'onIntervalEndDateChanged'.

FAILURE: Build failed with an exception.

* What went wrong:
Execution failed for task ':app:compileDebugAndroidTestKotlin'.
> A failure occurred while executing org.jetbrains.kotlin.compilerRunner.GradleCompilerRunnerWithWorkers$GradleKotlinCompilerWorkAction
   > Compilation error. See log for more details

* Try:
> Run with --stacktrace option to get the stack trace.
> Run with --info or --debug option to get more log output.
> Run with --scan to get full insights.
> Get more help at https://help.gradle.org.

BUILD FAILED in 1s
43 actionable tasks: 2 executed, 41 up-to-date
