> Task :app:checkKotlinGradlePluginConfigurationErrors SKIPPED
> Task :app:preBuild UP-TO-DATE
> Task :app:preDebugBuild UP-TO-DATE
> Task :app:checkDebugAarMetadata UP-TO-DATE
> Task :app:processDebugNavigationResources UP-TO-DATE
> Task :app:compileDebugNavigationResources UP-TO-DATE
> Task :app:generateDebugResValues UP-TO-DATE
> Task :app:mapDebugSourceSetPaths UP-TO-DATE
> Task :app:generateDebugResources UP-TO-DATE
> Task :app:mergeDebugResources UP-TO-DATE
> Task :app:packageDebugResources UP-TO-DATE
> Task :app:parseDebugLocalResources UP-TO-DATE
> Task :app:createDebugCompatibleScreenManifests UP-TO-DATE
> Task :app:extractDeepLinksDebug UP-TO-DATE
> Task :app:processDebugMainManifest UP-TO-DATE
> Task :app:processDebugManifest UP-TO-DATE
> Task :app:processDebugManifestForPackage UP-TO-DATE
> Task :app:processDebugResources UP-TO-DATE
> Task :app:kspDebugKotlin UP-TO-DATE
> Task :app:compileDebugKotlin UP-TO-DATE
> Task :app:javaPreCompileDebug UP-TO-DATE
> Task :app:compileDebugJavaWithJavac NO-SOURCE
> Task :app:bundleDebugClassesToRuntimeJar UP-TO-DATE
> Task :app:bundleDebugClassesToCompileJar UP-TO-DATE
> Task :app:preDebugUnitTestBuild UP-TO-DATE
> Task :app:javaPreCompileDebugUnitTest UP-TO-DATE
> Task :app:mergeDebugShaders UP-TO-DATE
> Task :app:compileDebugShaders NO-SOURCE
> Task :app:generateDebugAssets UP-TO-DATE
> Task :app:mergeDebugAssets UP-TO-DATE
> Task :app:packageDebugUnitTestForUnitTest UP-TO-DATE
> Task :app:processDebugUnitTestManifest UP-TO-DATE
> Task :app:generateDebugUnitTestConfig UP-TO-DATE
> Task :app:processDebugJavaRes UP-TO-DATE
> Task :app:kspDebugUnitTestKotlin

> Task :app:compileDebugUnitTestKotlin
w: file:///Users/cory/codes/Noter/app/src/test/java/com/cory/noter/ui/editor/AlarmEditorViewModelTest.kt:43:9 This declaration needs opt-in. Its usage should be marked with '@kotlinx.coroutines.ExperimentalCoroutinesApi' or '@OptIn(kotlinx.coroutines.ExperimentalCoroutinesApi::class)'
w: file:///Users/cory/codes/Noter/app/src/test/java/com/cory/noter/ui/editor/AlarmEditorViewModelTest.kt:60:9 This declaration needs opt-in. Its usage should be marked with '@kotlinx.coroutines.ExperimentalCoroutinesApi' or '@OptIn(kotlinx.coroutines.ExperimentalCoroutinesApi::class)'
w: file:///Users/cory/codes/Noter/app/src/test/java/com/cory/noter/ui/editor/AlarmEditorViewModelTest.kt:80:9 This declaration needs opt-in. Its usage should be marked with '@kotlinx.coroutines.ExperimentalCoroutinesApi' or '@OptIn(kotlinx.coroutines.ExperimentalCoroutinesApi::class)'
w: file:///Users/cory/codes/Noter/app/src/test/java/com/cory/noter/ui/editor/AlarmEditorViewModelTest.kt:83:9 This declaration needs opt-in. Its usage should be marked with '@kotlinx.coroutines.ExperimentalCoroutinesApi' or '@OptIn(kotlinx.coroutines.ExperimentalCoroutinesApi::class)'
w: file:///Users/cory/codes/Noter/app/src/test/java/com/cory/noter/ui/editor/AlarmEditorViewModelTest.kt:104:9 This declaration needs opt-in. Its usage should be marked with '@kotlinx.coroutines.ExperimentalCoroutinesApi' or '@OptIn(kotlinx.coroutines.ExperimentalCoroutinesApi::class)'
w: file:///Users/cory/codes/Noter/app/src/test/java/com/cory/noter/ui/editor/AlarmEditorViewModelTest.kt:111:9 This declaration needs opt-in. Its usage should be marked with '@kotlinx.coroutines.ExperimentalCoroutinesApi' or '@OptIn(kotlinx.coroutines.ExperimentalCoroutinesApi::class)'
w: file:///Users/cory/codes/Noter/app/src/test/java/com/cory/noter/ui/editor/AlarmEditorViewModelTest.kt:137:9 This declaration needs opt-in. Its usage should be marked with '@kotlinx.coroutines.ExperimentalCoroutinesApi' or '@OptIn(kotlinx.coroutines.ExperimentalCoroutinesApi::class)'
w: file:///Users/cory/codes/Noter/app/src/test/java/com/cory/noter/ui/editor/AlarmEditorViewModelTest.kt:147:9 This declaration needs opt-in. Its usage should be marked with '@kotlinx.coroutines.ExperimentalCoroutinesApi' or '@OptIn(kotlinx.coroutines.ExperimentalCoroutinesApi::class)'
w: file:///Users/cory/codes/Noter/app/src/test/java/com/cory/noter/ui/editor/AlarmEditorViewModelTest.kt:177:9 This declaration needs opt-in. Its usage should be marked with '@kotlinx.coroutines.ExperimentalCoroutinesApi' or '@OptIn(kotlinx.coroutines.ExperimentalCoroutinesApi::class)'
w: file:///Users/cory/codes/Noter/app/src/test/java/com/cory/noter/ui/editor/AlarmEditorViewModelTest.kt:183:9 This declaration needs opt-in. Its usage should be marked with '@kotlinx.coroutines.ExperimentalCoroutinesApi' or '@OptIn(kotlinx.coroutines.ExperimentalCoroutinesApi::class)'

> Task :app:compileDebugUnitTestJavaWithJavac NO-SOURCE
> Task :app:processDebugUnitTestJavaRes UP-TO-DATE

> Task :app:testDebugUnitTest FAILED

AlarmEditorViewModelTest > new alarm defaults weekly interval count to one FAILED
    com.google.common.truth.Platform$ComparisonFailureWithFacts at AlarmEditorViewModelTest.kt:32

AlarmEditorViewModelTest > interval start date after end date moves end date forward FAILED
    com.google.common.truth.Platform$ComparisonFailureWithFacts at AlarmEditorViewModelTest.kt:49

6 tests completed, 2 failed

FAILURE: Build failed with an exception.

* What went wrong:
Execution failed for task ':app:testDebugUnitTest'.
> There were failing tests. See the report at: file:///Users/cory/codes/Noter/app/build/reports/tests/testDebugUnitTest/index.html

* Try:
> Run with --scan to get full insights.

BUILD FAILED in 9s
31 actionable tasks: 3 executed, 28 up-to-date
